Build started 12/4/2015 5:02:44 PM.
     1>Project "C:\Users\Natalie\Documents\GitHub\Project-3\Morse Code\Morse Code\Morse Code.vcxproj" on node 2 (Build target(s)).
     1>ClCompile:
         C:\Program Files (x86)\Microsoft Visual Studio 12.0\VC\bin\CL.exe /c /ZI /nologo /W3 /WX- /sdl /Od /Oy- /D _MBCS /Gm /EHsc /RTC1 /MDd /GS /fp:precise /Zc:wchar_t /Zc:forScope /Fo"Debug\\" /Fd"Debug\vc120.pdb" /Gd /TP /analyze- /errorReport:prompt Main.cpp
         Main.cpp
     1>c:\users\natalie\documents\github\project-3\morse code\morse code\main.cpp(47): error C3861: 'Decode': identifier not found
     1>c:\users\natalie\documents\github\project-3\morse code\morse code\main.cpp(51): error C3861: 'Encode': identifier not found
     1>c:\users\natalie\documents\github\project-3\morse code\morse code\main.cpp(63): warning C4552: '!=' : operator has no effect; expected operator with side-effect
     1>c:\users\natalie\documents\github\project-3\morse code\morse code\main.cpp(65): error C2065: 'null' : undeclared identifier
     1>c:\users\natalie\documents\github\project-3\morse code\morse code\main.cpp(68): error C2065: 'Map' : undeclared identifier
     1>c:\users\natalie\documents\github\project-3\morse code\morse code\main.cpp(68): error C2228: left of '.find' must have class/struct/union
                 type is 'unknown-type'
     1>c:\users\natalie\documents\github\project-3\morse code\morse code\main.cpp(80): error C2065: 'Morse_Map' : undeclared identifier
     1>Done Building Project "C:\Users\Natalie\Documents\GitHub\Project-3\Morse Code\Morse Code\Morse Code.vcxproj" (Build target(s)) -- FAILED.

Build FAILED.

Time Elapsed 00:00:00.81
